# JRE version: OpenJDK Runtime Environment Temurin-21.0.10+7 (21.0.10+7) (build 21.0.10+7-LTS)
# Java VM: OpenJDK 64-Bit Server VM Temurin-21.0.10+7 (21.0.10+7-LTS, mixed mode, sharing, tiered, compressed oops, compressed class ptrs, parallel gc, windows-amd64)
GC Precious Log:
 CardTable entry size: 512
 CPUs: 8 total, 8 available
 Memory: 16213M
 Large Page Support: Disabled
 NUMA Support: Disabled
 Compressed Oops: Enabled (32-bit)
 Alignments: Space 512K, Generation 512K, Heap 2M
 Heap Min Capacity: 100M
 Heap Initial Capacity: 100M
 Heap Max Capacity: 2G
 Pre-touch: Disabled
 Parallel Workers: 8
Heap:
 PSYoungGen      total 17920K, used 8394K [0x00000000d5580000, 0x00000000d6880000, 0x0000000100000000)
  eden space 16384K, 45% used [0x00000000d5580000,0x00000000d5cb6798,0x00000000d6580000)
  from space 1536K, 65% used [0x00000000d6700000,0x00000000d67fc070,0x00000000d6880000)
  to   space 1536K, 0% used [0x00000000d6580000,0x00000000d6580000,0x00000000d6700000)
 ParOldGen       total 68608K, used 45657K [0x0000000080000000, 0x0000000084300000, 0x00000000d5580000)
  object space 68608K, 66% used [0x0000000080000000,0x0000000082c966d8,0x0000000084300000)
 Metaspace       used 58534K, committed 59968K, reserved 1114112K
  class space    used 6226K, committed 6848K, reserved 1048576K
GC Heap History (20 events):
Event: 20.136 GC heap before
{Heap before GC invocations=29 (full 2):
 PSYoungGen      total 22528K, used 22496K [0x00000000d5580000, 0x00000000d6d80000, 0x0000000100000000)
  eden space 20480K, 100% used [0x00000000d5580000,0x00000000d6980000,0x00000000d6980000)
  from space 2048K, 98% used [0x00000000d6b80000,0x00000000d6d78010,0x00000000d6d80000)
  to   space 2048K, 0% used [0x00000000d6980000,0x00000000d6980000,0x00000000d6b80000)
 ParOldGen       total 68608K, used 33695K [0x0000000080000000, 0x0000000084300000, 0x00000000d5580000)
  object space 68608K, 49% used [0x0000000080000000,0x00000000820e7e70,0x0000000084300000)
 Metaspace       used 47424K, committed 48640K, reserved 1114112K
  class space    used 5154K, committed 5696K, reserved 1048576K
}
Event: 20.138 GC heap after
{Heap after GC invocations=29 (full 2):
 PSYoungGen      total 22528K, used 1784K [0x00000000d5580000, 0x00000000d6d80000, 0x0000000100000000)
  eden space 20480K, 0% used [0x00000000d5580000,0x00000000d5580000,0x00000000d6980000)
  from space 2048K, 87% used [0x00000000d6980000,0x00000000d6b3e200,0x00000000d6b80000)
  to   space 2048K, 0% used [0x00000000d6b80000,0x00000000d6b80000,0x00000000d6d80000)
 ParOldGen       total 68608K, used 35631K [0x0000000080000000, 0x0000000084300000, 0x00000000d5580000)
  object space 68608K, 51% used [0x0000000080000000,0x00000000822cbe80,0x0000000084300000)
 Metaspace       used 47424K, committed 48640K, reserved 1114112K
  class space    used 5154K, committed 5696K, reserved 1048576K
}
Event: 20.256 GC heap before
{Heap before GC invocations=30 (full 2):
 PSYoungGen      total 22528K, used 22264K [0x00000000d5580000, 0x00000000d6d80000, 0x0000000100000000)
  eden space 20480K, 100% used [0x00000000d5580000,0x00000000d6980000,0x00000000d6980000)
  from space 2048K, 87% used [0x00000000d6980000,0x00000000d6b3e200,0x00000000d6b80000)
  to   space 2048K, 0% used [0x00000000d6b80000,0x00000000d6b80000,0x00000000d6d80000)
 ParOldGen       total 68608K, used 35631K [0x0000000080000000, 0x0000000084300000, 0x00000000d5580000)
  object space 68608K, 51% used [0x0000000080000000,0x00000000822cbe80,0x0000000084300000)
 Metaspace       used 48985K, committed 50176K, reserved 1114112K
  class space    used 5313K, committed 5888K, reserved 1048576K
}
Event: 20.259 GC heap after
{Heap after GC invocations=30 (full 2):
 PSYoungGen      total 18944K, used 2048K [0x00000000d5580000, 0x00000000d7480000, 0x0000000100000000)
  eden space 16896K, 0% used [0x00000000d5580000,0x00000000d5580000,0x00000000d6600000)
  from space 2048K, 100% used [0x00000000d6b80000,0x00000000d6d80000,0x00000000d6d80000)
  to   space 5632K, 0% used [0x00000000d6600000,0x00000000d6600000,0x00000000d6b80000)
 ParOldGen       total 68608K, used 38492K [0x0000000080000000, 0x0000000084300000, 0x00000000d5580000)
  object space 68608K, 56% used [0x0000000080000000,0x0000000082597108,0x0000000084300000)
 Metaspace       used 48985K, committed 50176K, reserved 1114112K
  class space    used 5313K, committed 5888K, reserved 1048576K
}
Event: 20.486 GC heap before
{Heap before GC invocations=31 (full 2):
 PSYoungGen      total 18944K, used 18943K [0x00000000d5580000, 0x00000000d7480000, 0x0000000100000000)
  eden space 16896K, 99% used [0x00000000d5580000,0x00000000d65ffcc8,0x00000000d6600000)
  from space 2048K, 100% used [0x00000000d6b80000,0x00000000d6d80000,0x00000000d6d80000)
  to   space 5632K, 0% used [0x00000000d6600000,0x00000000d6600000,0x00000000d6b80000)
 ParOldGen       total 68608K, used 38492K [0x0000000080000000, 0x0000000084300000, 0x00000000d5580000)
  object space 68608K, 56% used [0x0000000080000000,0x0000000082597108,0x0000000084300000)
 Metaspace       used 50031K, committed 51264K, reserved 1114112K
  class space    used 5452K, committed 6016K, reserved 1048576K
}
Event: 20.488 GC heap after
{Heap after GC invocations=31 (full 2):
 PSYoungGen      total 17920K, used 843K [0x00000000d5580000, 0x00000000d6c00000, 0x0000000100000000)
  eden space 16896K, 0% used [0x00000000d5580000,0x00000000d5580000,0x00000000d6600000)
  from space 1024K, 82% used [0x00000000d6600000,0x00000000d66d2e58,0x00000000d6700000)
  to   space 2560K, 0% used [0x00000000d6980000,0x00000000d6980000,0x00000000d6c00000)
 ParOldGen       total 68608K, used 40551K [0x0000000080000000, 0x0000000084300000, 0x00000000d5580000)
  object space 68608K, 59% used [0x0000000080000000,0x0000000082799d38,0x0000000084300000)
 Metaspace       used 50031K, committed 51264K, reserved 1114112K
  class space    used 5452K, committed 6016K, reserved 1048576K
}
Event: 20.663 GC heap before
{Heap before GC invocations=32 (full 2):
 PSYoungGen      total 17920K, used 17739K [0x00000000d5580000, 0x00000000d6c00000, 0x0000000100000000)
  eden space 16896K, 100% used [0x00000000d5580000,0x00000000d6600000,0x00000000d6600000)
  from space 1024K, 82% used [0x00000000d6600000,0x00000000d66d2e58,0x00000000d6700000)
  to   space 2560K, 0% used [0x00000000d6980000,0x00000000d6980000,0x00000000d6c00000)
 ParOldGen       total 68608K, used 40551K [0x0000000080000000, 0x0000000084300000, 0x00000000d5580000)
  object space 68608K, 59% used [0x0000000080000000,0x0000000082799d38,0x0000000084300000)
 Metaspace       used 51076K, committed 52224K, reserved 1114112K
  class space    used 5547K, committed 6080K, reserved 1048576K
}
Event: 20.664 GC heap after
{Heap after GC invocations=32 (full 2):
 PSYoungGen      total 17920K, used 628K [0x00000000d5580000, 0x00000000d6a80000, 0x0000000100000000)
  eden space 16896K, 0% used [0x00000000d5580000,0x00000000d5580000,0x00000000d6600000)
  from space 1024K, 61% used [0x00000000d6980000,0x00000000d6a1d1c0,0x00000000d6a80000)
  to   space 1024K, 0% used [0x00000000d6600000,0x00000000d6600000,0x00000000d6700000)
 ParOldGen       total 68608K, used 41269K [0x0000000080000000, 0x0000000084300000, 0x00000000d5580000)
  object space 68608K, 60% used [0x0000000080000000,0x000000008284d740,0x0000000084300000)
 Metaspace       used 51076K, committed 52224K, reserved 1114112K
  class space    used 5547K, committed 6080K, reserved 1048576K
}
Event: 20.731 GC heap before
{Heap before GC invocations=33 (full 2):
 PSYoungGen      total 17920K, used 17524K [0x00000000d5580000, 0x00000000d6a80000, 0x0000000100000000)
  eden space 16896K, 100% used [0x00000000d5580000,0x00000000d6600000,0x00000000d6600000)
  from space 1024K, 61% used [0x00000000d6980000,0x00000000d6a1d1c0,0x00000000d6a80000)
  to   space 1024K, 0% used [0x00000000d6600000,0x00000000d6600000,0x00000000d6700000)
 ParOldGen       total 68608K, used 41269K [0x0000000080000000, 0x0000000084300000, 0x00000000d5580000)
  object space 68608K, 60% used [0x0000000080000000,0x000000008284d740,0x0000000084300000)
 Metaspace       used 51546K, committed 52736K, reserved 1114112K
  class space    used 5588K, committed 6144K, reserved 1048576K
}
Event: 20.732 GC heap after
{Heap after GC invocations=33 (full 2):
 PSYoungGen      total 17920K, used 1001K [0x00000000d5580000, 0x00000000d6a00000, 0x0000000100000000)
  eden space 16896K, 0% used [0x00000000d5580000,0x00000000d5580000,0x00000000d6600000)
  from space 1024K, 97% used [0x00000000d6600000,0x00000000d66fa6f8,0x00000000d6700000)
  to   space 2048K, 0% used [0x00000000d6800000,0x00000000d6800000,0x00000000d6a00000)
 ParOldGen       total 68608K, used 41956K [0x0000000080000000, 0x0000000084300000, 0x00000000d5580000)
  object space 68608K, 61% used [0x0000000080000000,0x00000000828f9268,0x0000000084300000)
 Metaspace       used 51546K, committed 52736K, reserved 1114112K
  class space    used 5588K, committed 6144K, reserved 1048576K
}
Event: 20.765 GC heap before
{Heap before GC invocations=34 (full 2):
 PSYoungGen      total 17920K, used 17897K [0x00000000d5580000, 0x00000000d6a00000, 0x0000000100000000)
  eden space 16896K, 100% used [0x00000000d5580000,0x00000000d6600000,0x00000000d6600000)
  from space 1024K, 97% used [0x00000000d6600000,0x00000000d66fa6f8,0x00000000d6700000)
  to   space 2048K, 0% used [0x00000000d6800000,0x00000000d6800000,0x00000000d6a00000)
 ParOldGen       total 68608K, used 41956K [0x0000000080000000, 0x0000000084300000, 0x00000000d5580000)
  object space 68608K, 61% used [0x0000000080000000,0x00000000828f9268,0x0000000084300000)
 Metaspace       used 51556K, committed 52736K, reserved 1114112K
  class space    used 5588K, committed 6144K, reserved 1048576K
}
Event: 20.766 GC heap after
{Heap after GC invocations=34 (full 2):
 PSYoungGen      total 17408K, used 470K [0x00000000d5580000, 0x00000000d6880000, 0x0000000100000000)
  eden space 16896K, 0% used [0x00000000d5580000,0x00000000d5580000,0x00000000d6600000)
  from space 512K, 91% used [0x00000000d6800000,0x00000000d6875a28,0x00000000d6880000)
  to   space 1024K, 0% used [0x00000000d6680000,0x00000000d6680000,0x00000000d6780000)
 ParOldGen       total 68608K, used 42728K [0x0000000080000000, 0x0000000084300000, 0x00000000d5580000)
  object space 68608K, 62% used [0x0000000080000000,0x00000000829ba3e0,0x0000000084300000)
 Metaspace       used 51556K, committed 52736K, reserved 1114112K
  class space    used 5588K, committed 6144K, reserved 1048576K
}
Event: 20.994 GC heap before
{Heap before GC invocations=35 (full 2):
 PSYoungGen      total 17408K, used 17366K [0x00000000d5580000, 0x00000000d6880000, 0x0000000100000000)
  eden space 16896K, 100% used [0x00000000d5580000,0x00000000d6600000,0x00000000d6600000)
  from space 512K, 91% used [0x00000000d6800000,0x00000000d6875a28,0x00000000d6880000)
  to   space 1024K, 0% used [0x00000000d6680000,0x00000000d6680000,0x00000000d6780000)
 ParOldGen       total 68608K, used 42728K [0x0000000080000000, 0x0000000084300000, 0x00000000d5580000)
  object space 68608K, 62% used [0x0000000080000000,0x00000000829ba3e0,0x0000000084300000)
 Metaspace       used 53351K, committed 54592K, reserved 1114112K
  class space    used 5713K, committed 6272K, reserved 1048576K
}
Event: 20.994 GC heap after
{Heap after GC invocations=35 (full 2):
 PSYoungGen      total 17920K, used 352K [0x00000000d5580000, 0x00000000d6880000, 0x0000000100000000)
  eden space 16896K, 0% used [0x00000000d5580000,0x00000000d5580000,0x00000000d6600000)
  from space 1024K, 34% used [0x00000000d6680000,0x00000000d66d8000,0x00000000d6780000)
  to   space 512K, 0% used [0x00000000d6800000,0x00000000d6800000,0x00000000d6880000)
 ParOldGen       total 68608K, used 42752K [0x0000000080000000, 0x0000000084300000, 0x00000000d5580000)
  object space 68608K, 62% used [0x0000000080000000,0x00000000829c03e0,0x0000000084300000)
 Metaspace       used 53351K, committed 54592K, reserved 1114112K
  class space    used 5713K, committed 6272K, reserved 1048576K
}
Event: 21.446 GC heap before
{Heap before GC invocations=36 (full 2):
 PSYoungGen      total 17920K, used 17248K [0x00000000d5580000, 0x00000000d6880000, 0x0000000100000000)
  eden space 16896K, 100% used [0x00000000d5580000,0x00000000d6600000,0x00000000d6600000)
  from space 1024K, 34% used [0x00000000d6680000,0x00000000d66d8000,0x00000000d6780000)
  to   space 512K, 0% used [0x00000000d6800000,0x00000000d6800000,0x00000000d6880000)
 ParOldGen       total 68608K, used 42752K [0x0000000080000000, 0x0000000084300000, 0x00000000d5580000)
  object space 68608K, 62% used [0x0000000080000000,0x00000000829c03e0,0x0000000084300000)
 Metaspace       used 55081K, committed 56320K, reserved 1114112K
  class space    used 5884K, committed 6464K, reserved 1048576K
}
Event: 21.448 GC heap after
{Heap after GC invocations=36 (full 2):
 PSYoungGen      total 16896K, used 489K [0x00000000d5580000, 0x00000000d6b00000, 0x0000000100000000)
  eden space 16384K, 0% used [0x00000000d5580000,0x00000000d5580000,0x00000000d6580000)
  from space 512K, 95% used [0x00000000d6800000,0x00000000d687a4a0,0x00000000d6880000)
  to   space 2560K, 0% used [0x00000000d6580000,0x00000000d6580000,0x00000000d6800000)
 ParOldGen       total 68608K, used 44115K [0x0000000080000000, 0x0000000084300000, 0x00000000d5580000)
  object space 68608K, 64% used [0x0000000080000000,0x0000000082b14f60,0x0000000084300000)
 Metaspace       used 55081K, committed 56320K, reserved 1114112K
  class space    used 5884K, committed 6464K, reserved 1048576K
}
Event: 22.591 GC heap before
{Heap before GC invocations=37 (full 2):
 PSYoungGen      total 16896K, used 16863K [0x00000000d5580000, 0x00000000d6b00000, 0x0000000100000000)
  eden space 16384K, 99% used [0x00000000d5580000,0x00000000d657d940,0x00000000d6580000)
  from space 512K, 95% used [0x00000000d6800000,0x00000000d687a4a0,0x00000000d6880000)
  to   space 2560K, 0% used [0x00000000d6580000,0x00000000d6580000,0x00000000d6800000)
 ParOldGen       total 68608K, used 44115K [0x0000000080000000, 0x0000000084300000, 0x00000000d5580000)
  object space 68608K, 64% used [0x0000000080000000,0x0000000082b14f60,0x0000000084300000)
 Metaspace       used 56570K, committed 57856K, reserved 1114112K
  class space    used 6017K, committed 6592K, reserved 1048576K
}
Event: 22.593 GC heap after
{Heap after GC invocations=37 (full 2):
 PSYoungGen      total 17920K, used 1263K [0x00000000d5580000, 0x00000000d6880000, 0x0000000100000000)
  eden space 16384K, 0% used [0x00000000d5580000,0x00000000d5580000,0x00000000d6580000)
  from space 1536K, 82% used [0x00000000d6580000,0x00000000d66bbc28,0x00000000d6700000)
  to   space 1536K, 0% used [0x00000000d6700000,0x00000000d6700000,0x00000000d6880000)
 ParOldGen       total 68608K, used 44591K [0x0000000080000000, 0x0000000084300000, 0x00000000d5580000)
  object space 68608K, 64% used [0x0000000080000000,0x0000000082b8bcc0,0x0000000084300000)
 Metaspace       used 56570K, committed 57856K, reserved 1114112K
  class space    used 6017K, committed 6592K, reserved 1048576K
}
Event: 22.847 GC heap before
{Heap before GC invocations=38 (full 2):
 PSYoungGen      total 17920K, used 17647K [0x00000000d5580000, 0x00000000d6880000, 0x0000000100000000)
  eden space 16384K, 100% used [0x00000000d5580000,0x00000000d6580000,0x00000000d6580000)
  from space 1536K, 82% used [0x00000000d6580000,0x00000000d66bbc28,0x00000000d6700000)
  to   space 1536K, 0% used [0x00000000d6700000,0x00000000d6700000,0x00000000d6880000)
 ParOldGen       total 68608K, used 44591K [0x0000000080000000, 0x0000000084300000, 0x00000000d5580000)
  object space 68608K, 64% used [0x0000000080000000,0x0000000082b8bcc0,0x0000000084300000)
 Metaspace       used 57919K, committed 59328K, reserved 1114112K
  class space    used 6166K, committed 6784K, reserved 1048576K
}
Event: 22.848 GC heap after
{Heap after GC invocations=38 (full 2):
 PSYoungGen      total 17920K, used 1008K [0x00000000d5580000, 0x00000000d6880000, 0x0000000100000000)
  eden space 16384K, 0% used [0x00000000d5580000,0x00000000d5580000,0x00000000d6580000)
  from space 1536K, 65% used [0x00000000d6700000,0x00000000d67fc070,0x00000000d6880000)
  to   space 1536K, 0% used [0x00000000d6580000,0x00000000d6580000,0x00000000d6700000)
 ParOldGen       total 68608K, used 45657K [0x0000000080000000, 0x0000000084300000, 0x00000000d5580000)
  object space 68608K, 66% used [0x0000000080000000,0x0000000082c966d8,0x0000000084300000)
 Metaspace       used 57919K, committed 59328K, reserved 1114112K
  class space    used 6166K, committed 6784K, reserved 1048576K
}

