# JRE version: OpenJDK Runtime Environment Temurin-21.0.10+7 (21.0.10+7) (build 21.0.10+7-LTS)
# Java VM: OpenJDK 64-Bit Server VM Temurin-21.0.10+7 (21.0.10+7-LTS, mixed mode, sharing, tiered, compressed oops, compressed class ptrs, parallel gc, windows-amd64)
GC Precious Log:
 CardTable entry size: 512
 CPUs: 8 total, 8 available
 Memory: 16213M
 Large Page Support: Disabled
 NUMA Support: Disabled
 Compressed Oops: Enabled (32-bit)
 Alignments: Space 512K, Generation 512K, Heap 2M
 Heap Min Capacity: 100M
 Heap Initial Capacity: 100M
 Heap Max Capacity: 2G
 Pre-touch: Disabled
 Parallel Workers: 8
Heap:
 PSYoungGen      total 11264K, used 1521K [0x00000000d5580000, 0x00000000d6300000, 0x0000000100000000)
  eden space 9728K, 0% used [0x00000000d5580000,0x00000000d5580000,0x00000000d5f00000)
  from space 1536K, 99% used [0x00000000d5f00000,0x00000000d607c500,0x00000000d6080000)
  to   space 2560K, 0% used [0x00000000d6080000,0x00000000d6080000,0x00000000d6300000)
 ParOldGen       total 699904K, used 699859K [0x0000000080000000, 0x00000000aab80000, 0x00000000d5580000)
  object space 699904K, 99% used [0x0000000080000000,0x00000000aab74c08,0x00000000aab80000)
 Metaspace       used 87912K, committed 89792K, reserved 1179648K
  class space    used 8760K, committed 9664K, reserved 1048576K
GC Heap History (20 events):
Event: 4494.169 GC heap after
{Heap after GC invocations=5559 (full 7):
 PSYoungGen      total 11264K, used 224K [0x00000000d5580000, 0x00000000d6100000, 0x0000000100000000)
  eden space 10240K, 0% used [0x00000000d5580000,0x00000000d5580000,0x00000000d5f80000)
  from space 1024K, 21% used [0x00000000d5f80000,0x00000000d5fb8000,0x00000000d6080000)
  to   space 512K, 0% used [0x00000000d6080000,0x00000000d6080000,0x00000000d6100000)
 ParOldGen       total 687616K, used 687602K [0x0000000080000000, 0x00000000a9f80000, 0x00000000d5580000)
  object space 687616K, 99% used [0x0000000080000000,0x00000000a9f7cb20,0x00000000a9f80000)
 Metaspace       used 87912K, committed 89792K, reserved 1179648K
  class space    used 8760K, committed 9664K, reserved 1048576K
}
Event: 4494.180 GC heap before
{Heap before GC invocations=5560 (full 7):
 PSYoungGen      total 11264K, used 10421K [0x00000000d5580000, 0x00000000d6100000, 0x0000000100000000)
  eden space 10240K, 99% used [0x00000000d5580000,0x00000000d5f75690,0x00000000d5f80000)
  from space 1024K, 21% used [0x00000000d5f80000,0x00000000d5fb8000,0x00000000d6080000)
  to   space 512K, 0% used [0x00000000d6080000,0x00000000d6080000,0x00000000d6100000)
 ParOldGen       total 687616K, used 687602K [0x0000000080000000, 0x00000000a9f80000, 0x00000000d5580000)
  object space 687616K, 99% used [0x0000000080000000,0x00000000a9f7cb20,0x00000000a9f80000)
 Metaspace       used 87912K, committed 89792K, reserved 1179648K
  class space    used 8760K, committed 9664K, reserved 1048576K
}
Event: 4494.182 GC heap after
{Heap after GC invocations=5560 (full 7):
 PSYoungGen      total 5120K, used 508K [0x00000000d5580000, 0x00000000d6c80000, 0x0000000100000000)
  eden space 4608K, 0% used [0x00000000d5580000,0x00000000d5580000,0x00000000d5a00000)
  from space 512K, 99% used [0x00000000d6080000,0x00000000d60ff088,0x00000000d6100000)
  to   space 6656K, 0% used [0x00000000d5a00000,0x00000000d5a00000,0x00000000d6080000)
 ParOldGen       total 692736K, used 692450K [0x0000000080000000, 0x00000000aa480000, 0x00000000d5580000)
  object space 692736K, 99% used [0x0000000080000000,0x00000000aa438930,0x00000000aa480000)
 Metaspace       used 87912K, committed 89792K, reserved 1179648K
  class space    used 8760K, committed 9664K, reserved 1048576K
}
Event: 4494.185 GC heap before
{Heap before GC invocations=5561 (full 7):
 PSYoungGen      total 5120K, used 5097K [0x00000000d5580000, 0x00000000d6c80000, 0x0000000100000000)
  eden space 4608K, 99% used [0x00000000d5580000,0x00000000d59fb4c0,0x00000000d5a00000)
  from space 512K, 99% used [0x00000000d6080000,0x00000000d60ff088,0x00000000d6100000)
  to   space 6656K, 0% used [0x00000000d5a00000,0x00000000d5a00000,0x00000000d6080000)
 ParOldGen       total 692736K, used 692450K [0x0000000080000000, 0x00000000aa480000, 0x00000000d5580000)
  object space 692736K, 99% used [0x0000000080000000,0x00000000aa438930,0x00000000aa480000)
 Metaspace       used 87912K, committed 89792K, reserved 1179648K
  class space    used 8760K, committed 9664K, reserved 1048576K
}
Event: 4494.188 GC heap after
{Heap after GC invocations=5561 (full 7):
 PSYoungGen      total 11264K, used 4964K [0x00000000d5580000, 0x00000000d6600000, 0x0000000100000000)
  eden space 4608K, 0% used [0x00000000d5580000,0x00000000d5580000,0x00000000d5a00000)
  from space 6656K, 74% used [0x00000000d5a00000,0x00000000d5ed9248,0x00000000d6080000)
  to   space 5632K, 0% used [0x00000000d6080000,0x00000000d6080000,0x00000000d6600000)
 ParOldGen       total 693248K, used 692749K [0x0000000080000000, 0x00000000aa500000, 0x00000000d5580000)
  object space 693248K, 99% used [0x0000000080000000,0x00000000aa4837f0,0x00000000aa500000)
 Metaspace       used 87912K, committed 89792K, reserved 1179648K
  class space    used 8760K, committed 9664K, reserved 1048576K
}
Event: 4494.198 GC heap before
{Heap before GC invocations=5562 (full 7):
 PSYoungGen      total 11264K, used 9572K [0x00000000d5580000, 0x00000000d6600000, 0x0000000100000000)
  eden space 4608K, 100% used [0x00000000d5580000,0x00000000d5a00000,0x00000000d5a00000)
  from space 6656K, 74% used [0x00000000d5a00000,0x00000000d5ed9248,0x00000000d6080000)
  to   space 5632K, 0% used [0x00000000d6080000,0x00000000d6080000,0x00000000d6600000)
 ParOldGen       total 693248K, used 692749K [0x0000000080000000, 0x00000000aa500000, 0x00000000d5580000)
  object space 693248K, 99% used [0x0000000080000000,0x00000000aa4837f0,0x00000000aa500000)
 Metaspace       used 87912K, committed 89792K, reserved 1179648K
  class space    used 8760K, committed 9664K, reserved 1048576K
}
Event: 4494.199 GC heap after
{Heap after GC invocations=5562 (full 7):
 PSYoungGen      total 6656K, used 672K [0x00000000d5580000, 0x00000000d6180000, 0x0000000100000000)
  eden space 5632K, 0% used [0x00000000d5580000,0x00000000d5580000,0x00000000d5b00000)
  from space 1024K, 65% used [0x00000000d6080000,0x00000000d6128000,0x00000000d6180000)
  to   space 2560K, 0% used [0x00000000d5c80000,0x00000000d5c80000,0x00000000d5f00000)
 ParOldGen       total 693248K, used 692813K [0x0000000080000000, 0x00000000aa500000, 0x00000000d5580000)
  object space 693248K, 99% used [0x0000000080000000,0x00000000aa4937f0,0x00000000aa500000)
 Metaspace       used 87912K, committed 89792K, reserved 1179648K
  class space    used 8760K, committed 9664K, reserved 1048576K
}
Event: 4494.208 GC heap before
{Heap before GC invocations=5563 (full 7):
 PSYoungGen      total 6656K, used 5597K [0x00000000d5580000, 0x00000000d6180000, 0x0000000100000000)
  eden space 5632K, 87% used [0x00000000d5580000,0x00000000d5a4f548,0x00000000d5b00000)
  from space 1024K, 65% used [0x00000000d6080000,0x00000000d6128000,0x00000000d6180000)
  to   space 2560K, 0% used [0x00000000d5c80000,0x00000000d5c80000,0x00000000d5f00000)
 ParOldGen       total 693248K, used 692813K [0x0000000080000000, 0x00000000aa500000, 0x00000000d5580000)
  object space 693248K, 99% used [0x0000000080000000,0x00000000aa4937f0,0x00000000aa500000)
 Metaspace       used 87912K, committed 89792K, reserved 1179648K
  class space    used 8760K, committed 9664K, reserved 1048576K
}
Event: 4494.210 GC heap after
{Heap after GC invocations=5563 (full 7):
 PSYoungGen      total 9728K, used 224K [0x00000000d5580000, 0x00000000d6100000, 0x0000000100000000)
  eden space 7168K, 0% used [0x00000000d5580000,0x00000000d5580000,0x00000000d5c80000)
  from space 2560K, 8% used [0x00000000d5c80000,0x00000000d5cb8000,0x00000000d5f00000)
  to   space 1024K, 0% used [0x00000000d6000000,0x00000000d6000000,0x00000000d6100000)
 ParOldGen       total 693760K, used 693357K [0x0000000080000000, 0x00000000aa580000, 0x00000000d5580000)
  object space 693760K, 99% used [0x0000000080000000,0x00000000aa51b7f0,0x00000000aa580000)
 Metaspace       used 87912K, committed 89792K, reserved 1179648K
  class space    used 8760K, committed 9664K, reserved 1048576K
}
Event: 4494.224 GC heap before
{Heap before GC invocations=5564 (full 7):
 PSYoungGen      total 9728K, used 7379K [0x00000000d5580000, 0x00000000d6100000, 0x0000000100000000)
  eden space 7168K, 99% used [0x00000000d5580000,0x00000000d5c7cc28,0x00000000d5c80000)
  from space 2560K, 8% used [0x00000000d5c80000,0x00000000d5cb8000,0x00000000d5f00000)
  to   space 1024K, 0% used [0x00000000d6000000,0x00000000d6000000,0x00000000d6100000)
 ParOldGen       total 693760K, used 693357K [0x0000000080000000, 0x00000000aa580000, 0x00000000d5580000)
  object space 693760K, 99% used [0x0000000080000000,0x00000000aa51b7f0,0x00000000aa580000)
 Metaspace       used 87912K, committed 89792K, reserved 1179648K
  class space    used 8760K, committed 9664K, reserved 1048576K
}
Event: 4494.227 GC heap after
{Heap after GC invocations=5564 (full 7):
 PSYoungGen      total 8192K, used 518K [0x00000000d5580000, 0x00000000d6100000, 0x0000000100000000)
  eden space 7168K, 0% used [0x00000000d5580000,0x00000000d5580000,0x00000000d5c80000)
  from space 1024K, 50% used [0x00000000d6000000,0x00000000d6081918,0x00000000d6100000)
  to   space 1024K, 0% used [0x00000000d5f00000,0x00000000d5f00000,0x00000000d6000000)
 ParOldGen       total 695296K, used 694815K [0x0000000080000000, 0x00000000aa700000, 0x00000000d5580000)
  object space 695296K, 99% used [0x0000000080000000,0x00000000aa687cf0,0x00000000aa700000)
 Metaspace       used 87912K, committed 89792K, reserved 1179648K
  class space    used 8760K, committed 9664K, reserved 1048576K
}
Event: 4494.237 GC heap before
{Heap before GC invocations=5565 (full 7):
 PSYoungGen      total 8192K, used 6371K [0x00000000d5580000, 0x00000000d6100000, 0x0000000100000000)
  eden space 7168K, 81% used [0x00000000d5580000,0x00000000d5b37370,0x00000000d5c80000)
  from space 1024K, 50% used [0x00000000d6000000,0x00000000d6081918,0x00000000d6100000)
  to   space 1024K, 0% used [0x00000000d5f00000,0x00000000d5f00000,0x00000000d6000000)
 ParOldGen       total 695296K, used 694815K [0x0000000080000000, 0x00000000aa700000, 0x00000000d5580000)
  object space 695296K, 99% used [0x0000000080000000,0x00000000aa687cf0,0x00000000aa700000)
 Metaspace       used 87912K, committed 89792K, reserved 1179648K
  class space    used 8760K, committed 9664K, reserved 1048576K
}
Event: 4494.239 GC heap after
{Heap after GC invocations=5565 (full 7):
 PSYoungGen      total 8192K, used 160K [0x00000000d5580000, 0x00000000d6080000, 0x0000000100000000)
  eden space 7168K, 0% used [0x00000000d5580000,0x00000000d5580000,0x00000000d5c80000)
  from space 1024K, 15% used [0x00000000d5f00000,0x00000000d5f28000,0x00000000d6000000)
  to   space 512K, 0% used [0x00000000d6000000,0x00000000d6000000,0x00000000d6080000)
 ParOldGen       total 695296K, used 694839K [0x0000000080000000, 0x00000000aa700000, 0x00000000d5580000)
  object space 695296K, 99% used [0x0000000080000000,0x00000000aa68dcf0,0x00000000aa700000)
 Metaspace       used 87912K, committed 89792K, reserved 1179648K
  class space    used 8760K, committed 9664K, reserved 1048576K
}
Event: 4494.254 GC heap before
{Heap before GC invocations=5566 (full 7):
 PSYoungGen      total 8192K, used 7299K [0x00000000d5580000, 0x00000000d6080000, 0x0000000100000000)
  eden space 7168K, 99% used [0x00000000d5580000,0x00000000d5c78f88,0x00000000d5c80000)
  from space 1024K, 15% used [0x00000000d5f00000,0x00000000d5f28000,0x00000000d6000000)
  to   space 512K, 0% used [0x00000000d6000000,0x00000000d6000000,0x00000000d6080000)
 ParOldGen       total 695296K, used 694839K [0x0000000080000000, 0x00000000aa700000, 0x00000000d5580000)
  object space 695296K, 99% used [0x0000000080000000,0x00000000aa68dcf0,0x00000000aa700000)
 Metaspace       used 87912K, committed 89792K, reserved 1179648K
  class space    used 8760K, committed 9664K, reserved 1048576K
}
Event: 4494.257 GC heap after
{Heap after GC invocations=5566 (full 7):
 PSYoungGen      total 7680K, used 486K [0x00000000d5580000, 0x00000000d6180000, 0x0000000100000000)
  eden space 7168K, 0% used [0x00000000d5580000,0x00000000d5580000,0x00000000d5c80000)
  from space 512K, 94% used [0x00000000d6000000,0x00000000d6079938,0x00000000d6080000)
  to   space 2560K, 0% used [0x00000000d5c80000,0x00000000d5c80000,0x00000000d5f00000)
 ParOldGen       total 696832K, used 696312K [0x0000000080000000, 0x00000000aa880000, 0x00000000d5580000)
  object space 696832K, 99% used [0x0000000080000000,0x00000000aa7fe1f0,0x00000000aa880000)
 Metaspace       used 87912K, committed 89792K, reserved 1179648K
  class space    used 8760K, committed 9664K, reserved 1048576K
}
Event: 4494.270 GC heap before
{Heap before GC invocations=5567 (full 7):
 PSYoungGen      total 7680K, used 6260K [0x00000000d5580000, 0x00000000d6180000, 0x0000000100000000)
  eden space 7168K, 80% used [0x00000000d5580000,0x00000000d5b23898,0x00000000d5c80000)
  from space 512K, 94% used [0x00000000d6000000,0x00000000d6079938,0x00000000d6080000)
  to   space 2560K, 0% used [0x00000000d5c80000,0x00000000d5c80000,0x00000000d5f00000)
 ParOldGen       total 696832K, used 696312K [0x0000000080000000, 0x00000000aa880000, 0x00000000d5580000)
  object space 696832K, 99% used [0x0000000080000000,0x00000000aa7fe1f0,0x00000000aa880000)
 Metaspace       used 87912K, committed 89792K, reserved 1179648K
  class space    used 8760K, committed 9664K, reserved 1048576K
}
Event: 4494.272 GC heap after
{Heap after GC invocations=5567 (full 7):
 PSYoungGen      total 9728K, used 192K [0x00000000d5580000, 0x00000000d6080000, 0x0000000100000000)
  eden space 7168K, 0% used [0x00000000d5580000,0x00000000d5580000,0x00000000d5c80000)
  from space 2560K, 7% used [0x00000000d5c80000,0x00000000d5cb0000,0x00000000d5f00000)
  to   space 1024K, 0% used [0x00000000d5f80000,0x00000000d5f80000,0x00000000d6080000)
 ParOldGen       total 696832K, used 696312K [0x0000000080000000, 0x00000000aa880000, 0x00000000d5580000)
  object space 696832K, 99% used [0x0000000080000000,0x00000000aa7fe1f0,0x00000000aa880000)
 Metaspace       used 87912K, committed 89792K, reserved 1179648K
  class space    used 8760K, committed 9664K, reserved 1048576K
}
Event: 4494.285 GC heap before
{Heap before GC invocations=5568 (full 7):
 PSYoungGen      total 9728K, used 7360K [0x00000000d5580000, 0x00000000d6080000, 0x0000000100000000)
  eden space 7168K, 100% used [0x00000000d5580000,0x00000000d5c80000,0x00000000d5c80000)
  from space 2560K, 7% used [0x00000000d5c80000,0x00000000d5cb0000,0x00000000d5f00000)
  to   space 1024K, 0% used [0x00000000d5f80000,0x00000000d5f80000,0x00000000d6080000)
 ParOldGen       total 696832K, used 696312K [0x0000000080000000, 0x00000000aa880000, 0x00000000d5580000)
  object space 696832K, 99% used [0x0000000080000000,0x00000000aa7fe1f0,0x00000000aa880000)
 Metaspace       used 87912K, committed 89792K, reserved 1179648K
  class space    used 8760K, committed 9664K, reserved 1048576K
}
Event: 4494.288 GC heap after
{Heap after GC invocations=5568 (full 7):
 PSYoungGen      total 7680K, used 128K [0x00000000d5580000, 0x00000000d6000000, 0x0000000100000000)
  eden space 7168K, 0% used [0x00000000d5580000,0x00000000d5580000,0x00000000d5c80000)
  from space 512K, 25% used [0x00000000d5f80000,0x00000000d5fa0000,0x00000000d6000000)
  to   space 512K, 0% used [0x00000000d5f00000,0x00000000d5f00000,0x00000000d5f80000)
 ParOldGen       total 696832K, used 696321K [0x0000000080000000, 0x00000000aa880000, 0x00000000d5580000)
  object space 696832K, 99% used [0x0000000080000000,0x00000000aa800600,0x00000000aa880000)
 Metaspace       used 87912K, committed 89792K, reserved 1179648K
  class space    used 8760K, committed 9664K, reserved 1048576K
}
Event: 4494.479 GC heap before
{Heap before GC invocations=5569 (full 7):
 PSYoungGen      total 7680K, used 7296K [0x00000000d5580000, 0x00000000d6000000, 0x0000000100000000)
  eden space 7168K, 100% used [0x00000000d5580000,0x00000000d5c80000,0x00000000d5c80000)
  from space 512K, 25% used [0x00000000d5f80000,0x00000000d5fa0000,0x00000000d6000000)
  to   space 512K, 0% used [0x00000000d5f00000,0x00000000d5f00000,0x00000000d5f80000)
 ParOldGen       total 696832K, used 696321K [0x0000000080000000, 0x00000000aa880000, 0x00000000d5580000)
  object space 696832K, 99% used [0x0000000080000000,0x00000000aa800600,0x00000000aa880000)
 Metaspace       used 87912K, committed 89792K, reserved 1179648K
  class space    used 8760K, committed 9664K, reserved 1048576K
}

