# JRE version: Java(TM) SE Runtime Environment (24.0.1+9) (build 24.0.1+9-30)
# Java VM: Java HotSpot(TM) 64-Bit Server VM (24.0.1+9-30, mixed mode, sharing, tiered, compressed oops, compressed class ptrs, g1 gc, windows-amd64)
GC Precious Log:
 CardTable entry size: 512
 Card Set container configuration: InlinePtr #cards 4 size 8 Array Of Cards #cards 16 size 48 Howl #buckets 8 coarsen threshold 3686 Howl Bitmap #cards 512 size 80 coarsen threshold 460 Card regions per heap region 1 cards per card region 4096
 CPUs: 8 total, 8 available
 Memory: 16213M
 Large Page Support: Disabled
 NUMA Support: Disabled
 Compressed Oops: Enabled (Zero based)
 Heap Region Size: 2M
 Heap Min Capacity: 8M
 Heap Initial Capacity: 8M
 Heap Max Capacity: 4054M
 Pre-touch: Disabled
 Parallel Workers: 8
 Concurrent Workers: 2
 Concurrent Refinement Workers: 8
 Periodic GC: Disabled
Heap:
 garbage-first heap   total reserved 4151296K, committed 24576K, used 10166K [0x0000000702a00000, 0x0000000800000000)
  region size 2048K, 4 young (8192K), 1 survivors (2048K)
 Metaspace       used 9384K, committed 9600K, reserved 1114112K
  class space    used 950K, committed 1024K, reserved 1048576K
GC Heap History (14 events):
Event: 0.281 GC heap before
{Heap before GC invocations=0 (full 0):
 garbage-first heap   total reserved 4151296K, committed 10240K, used 5236K [0x0000000702a00000, 0x0000000800000000)
  region size 2048K, 2 young (4096K), 0 survivors (0K)
 Metaspace       used 3953K, committed 4032K, reserved 1114112K
  class space    used 404K, committed 448K, reserved 1048576K
}
Event: 0.284 GC heap after
{Heap after GC invocations=1 (full 0):
 garbage-first heap   total reserved 4151296K, committed 10240K, used 2420K [0x0000000702a00000, 0x0000000800000000)
  region size 2048K, 1 young (2048K), 1 survivors (2048K)
 Metaspace       used 3953K, committed 4032K, reserved 1114112K
  class space    used 404K, committed 448K, reserved 1048576K
}
Event: 0.337 GC heap before
{Heap before GC invocations=1 (full 0):
 garbage-first heap   total reserved 4151296K, committed 10240K, used 4468K [0x0000000702a00000, 0x0000000800000000)
  region size 2048K, 2 young (4096K), 1 survivors (2048K)
 Metaspace       used 5589K, committed 5760K, reserved 1114112K
  class space    used 564K, committed 640K, reserved 1048576K
}
Event: 0.339 GC heap after
{Heap after GC invocations=2 (full 0):
 garbage-first heap   total reserved 4151296K, committed 10240K, used 2767K [0x0000000702a00000, 0x0000000800000000)
  region size 2048K, 1 young (2048K), 1 survivors (2048K)
 Metaspace       used 5589K, committed 5760K, reserved 1114112K
  class space    used 564K, committed 640K, reserved 1048576K
}
Event: 0.407 GC heap before
{Heap before GC invocations=2 (full 0):
 garbage-first heap   total reserved 4151296K, committed 10240K, used 4815K [0x0000000702a00000, 0x0000000800000000)
  region size 2048K, 2 young (4096K), 1 survivors (2048K)
 Metaspace       used 7650K, committed 7872K, reserved 1114112K
  class space    used 739K, committed 832K, reserved 1048576K
}
Event: 0.408 GC heap after
{Heap after GC invocations=3 (full 0):
 garbage-first heap   total reserved 4151296K, committed 10240K, used 3156K [0x0000000702a00000, 0x0000000800000000)
  region size 2048K, 1 young (2048K), 1 survivors (2048K)
 Metaspace       used 7650K, committed 7872K, reserved 1114112K
  class space    used 739K, committed 832K, reserved 1048576K
}
Event: 0.450 GC heap before
{Heap before GC invocations=4 (full 0):
 garbage-first heap   total reserved 4151296K, committed 10240K, used 5204K [0x0000000702a00000, 0x0000000800000000)
  region size 2048K, 2 young (4096K), 1 survivors (2048K)
 Metaspace       used 7898K, committed 8064K, reserved 1114112K
  class space    used 768K, committed 832K, reserved 1048576K
}
Event: 0.453 GC heap after
{Heap after GC invocations=5 (full 0):
 garbage-first heap   total reserved 4151296K, committed 10240K, used 3804K [0x0000000702a00000, 0x0000000800000000)
  region size 2048K, 1 young (2048K), 1 survivors (2048K)
 Metaspace       used 7898K, committed 8064K, reserved 1114112K
  class space    used 768K, committed 832K, reserved 1048576K
}
Event: 0.480 GC heap before
{Heap before GC invocations=5 (full 0):
 garbage-first heap   total reserved 4151296K, committed 10240K, used 5852K [0x0000000702a00000, 0x0000000800000000)
  region size 2048K, 2 young (4096K), 1 survivors (2048K)
 Metaspace       used 8054K, committed 8256K, reserved 1114112K
  class space    used 791K, committed 896K, reserved 1048576K
}
Event: 0.484 GC heap after
{Heap after GC invocations=6 (full 0):
 garbage-first heap   total reserved 4151296K, committed 12288K, used 3974K [0x0000000702a00000, 0x0000000800000000)
  region size 2048K, 1 young (2048K), 1 survivors (2048K)
 Metaspace       used 8054K, committed 8256K, reserved 1114112K
  class space    used 791K, committed 896K, reserved 1048576K
}
Event: 0.495 GC heap before
{Heap before GC invocations=6 (full 0):
 garbage-first heap   total reserved 4151296K, committed 12288K, used 6022K [0x0000000702a00000, 0x0000000800000000)
  region size 2048K, 2 young (4096K), 1 survivors (2048K)
 Metaspace       used 8072K, committed 8320K, reserved 1114112K
  class space    used 791K, committed 896K, reserved 1048576K
}
Event: 0.498 GC heap after
{Heap after GC invocations=7 (full 0):
 garbage-first heap   total reserved 4151296K, committed 12288K, used 4385K [0x0000000702a00000, 0x0000000800000000)
  region size 2048K, 1 young (2048K), 1 survivors (2048K)
 Metaspace       used 8072K, committed 8320K, reserved 1114112K
  class space    used 791K, committed 896K, reserved 1048576K
}
Event: 0.521 GC heap before
{Heap before GC invocations=7 (full 0):
 garbage-first heap   total reserved 4151296K, committed 12288K, used 6433K [0x0000000702a00000, 0x0000000800000000)
  region size 2048K, 2 young (4096K), 1 survivors (2048K)
 Metaspace       used 8166K, committed 8320K, reserved 1114112K
  class space    used 800K, committed 896K, reserved 1048576K
}
Event: 0.523 GC heap after
{Heap after GC invocations=8 (full 0):
 garbage-first heap   total reserved 4151296K, committed 24576K, used 4583K [0x0000000702a00000, 0x0000000800000000)
  region size 2048K, 1 young (2048K), 1 survivors (2048K)
 Metaspace       used 8166K, committed 8320K, reserved 1114112K
  class space    used 800K, committed 896K, reserved 1048576K
}

